# JRE version: OpenJDK Runtime Environment (8.0_275-b01) (build 1.8.0_275-b01)
# Java VM: OpenJDK 64-Bit Server VM (25.275-b01 mixed mode windows-amd64 compressed oops)
Heap:
 PSYoungGen      total 113152K, used 31772K [0x00000000f5580000, 0x00000000ff700000, 0x0000000100000000)
  eden space 73216K, 14% used [0x00000000f5580000,0x00000000f5fd6a88,0x00000000f9d00000)
  from space 39936K, 53% used [0x00000000fd000000,0x00000000fe4b0730,0x00000000ff700000)
  to   space 46080K, 0% used [0x00000000f9d00000,0x00000000f9d00000,0x00000000fca00000)
 ParOldGen       total 175104K, used 106165K [0x00000000e0000000, 0x00000000eab00000, 0x00000000f5580000)
  object space 175104K, 60% used [0x00000000e0000000,0x00000000e67ad780,0x00000000eab00000)
 Metaspace       used 85344K, capacity 89756K, committed 89944K, reserved 1126400K
  class space    used 11735K, capacity 12617K, committed 12672K, reserved 1048576K
GC Heap History (10 events):
Event: 119.999 GC heap after
Heap after GC invocations=18 (full 3):
 PSYoungGen      total 132096K, used 17121K [0x00000000f5580000, 0x0000000100000000, 0x0000000100000000)
  eden space 111616K, 0% used [0x00000000f5580000,0x00000000f5580000,0x00000000fc280000)
  from space 20480K, 83% used [0x00000000fc280000,0x00000000fd338788,0x00000000fd680000)
  to   space 21504K, 0% used [0x00000000feb00000,0x00000000feb00000,0x0000000100000000)
 ParOldGen       total 175104K, used 33446K [0x00000000e0000000, 0x00000000eab00000, 0x00000000f5580000)
  object space 175104K, 19% used [0x00000000e0000000,0x00000000e20a9a68,0x00000000eab00000)
 Metaspace       used 72895K, capacity 76462K, committed 76760K, reserved 1116160K
  class space    used 9987K, capacity 10700K, committed 10752K, reserved 1048576K
}
Event: 131.127 GC heap before
{Heap before GC invocations=19 (full 3):
 PSYoungGen      total 132096K, used 128737K [0x00000000f5580000, 0x0000000100000000, 0x0000000100000000)
  eden space 111616K, 100% used [0x00000000f5580000,0x00000000fc280000,0x00000000fc280000)
  from space 20480K, 83% used [0x00000000fc280000,0x00000000fd338788,0x00000000fd680000)
  to   space 21504K, 0% used [0x00000000feb00000,0x00000000feb00000,0x0000000100000000)
 ParOldGen       total 175104K, used 33446K [0x00000000e0000000, 0x00000000eab00000, 0x00000000f5580000)
  object space 175104K, 19% used [0x00000000e0000000,0x00000000e20a9a68,0x00000000eab00000)
 Metaspace       used 76902K, capacity 80578K, committed 80856K, reserved 1118208K
  class space    used 10506K, capacity 11238K, committed 11264K, reserved 1048576K
Event: 131.158 GC heap after
Heap after GC invocations=19 (full 3):
 PSYoungGen      total 144896K, used 21477K [0x00000000f5580000, 0x0000000100000000, 0x0000000100000000)
  eden space 123392K, 0% used [0x00000000f5580000,0x00000000f5580000,0x00000000fce00000)
  from space 21504K, 99% used [0x00000000feb00000,0x00000000ffff9570,0x0000000100000000)
  to   space 25600K, 0% used [0x00000000fce00000,0x00000000fce00000,0x00000000fe700000)
 ParOldGen       total 175104K, used 37463K [0x00000000e0000000, 0x00000000eab00000, 0x00000000f5580000)
  object space 175104K, 21% used [0x00000000e0000000,0x00000000e2495dd8,0x00000000eab00000)
 Metaspace       used 76902K, capacity 80578K, committed 80856K, reserved 1118208K
  class space    used 10506K, capacity 11238K, committed 11264K, reserved 1048576K
}
Event: 137.221 GC heap before
{Heap before GC invocations=20 (full 3):
 PSYoungGen      total 144896K, used 144779K [0x00000000f5580000, 0x0000000100000000, 0x0000000100000000)
  eden space 123392K, 99% used [0x00000000f5580000,0x00000000fcde99a8,0x00000000fce00000)
  from space 21504K, 99% used [0x00000000feb00000,0x00000000ffff9570,0x0000000100000000)
  to   space 25600K, 0% used [0x00000000fce00000,0x00000000fce00000,0x00000000fe700000)
 ParOldGen       total 175104K, used 37463K [0x00000000e0000000, 0x00000000eab00000, 0x00000000f5580000)
  object space 175104K, 21% used [0x00000000e0000000,0x00000000e2495dd8,0x00000000eab00000)
 Metaspace       used 79767K, capacity 83662K, committed 83928K, reserved 1122304K
  class space    used 10920K, capacity 11716K, committed 11776K, reserved 1048576K
Event: 137.261 GC heap after
Heap after GC invocations=20 (full 3):
 PSYoungGen      total 148992K, used 25594K [0x00000000f5580000, 0x0000000100000000, 0x0000000100000000)
  eden space 123392K, 0% used [0x00000000f5580000,0x00000000f5580000,0x00000000fce00000)
  from space 25600K, 99% used [0x00000000fce00000,0x00000000fe6feaa0,0x00000000fe700000)
  to   space 25600K, 0% used [0x00000000fe700000,0x00000000fe700000,0x0000000100000000)
 ParOldGen       total 175104K, used 45933K [0x00000000e0000000, 0x00000000eab00000, 0x00000000f5580000)
  object space 175104K, 26% used [0x00000000e0000000,0x00000000e2cdb5c0,0x00000000eab00000)
 Metaspace       used 79767K, capacity 83662K, committed 83928K, reserved 1122304K
  class space    used 10920K, capacity 11716K, committed 11776K, reserved 1048576K
}
Event: 140.181 GC heap before
{Heap before GC invocations=21 (full 3):
 PSYoungGen      total 148992K, used 148986K [0x00000000f5580000, 0x0000000100000000, 0x0000000100000000)
  eden space 123392K, 100% used [0x00000000f5580000,0x00000000fce00000,0x00000000fce00000)
  from space 25600K, 99% used [0x00000000fce00000,0x00000000fe6feaa0,0x00000000fe700000)
  to   space 25600K, 0% used [0x00000000fe700000,0x00000000fe700000,0x0000000100000000)
 ParOldGen       total 175104K, used 45933K [0x00000000e0000000, 0x00000000eab00000, 0x00000000f5580000)
  object space 175104K, 26% used [0x00000000e0000000,0x00000000e2cdb5c0,0x00000000eab00000)
 Metaspace       used 84137K, capacity 88362K, committed 88536K, reserved 1126400K
  class space    used 11639K, capacity 12496K, committed 12544K, reserved 1048576K
Event: 140.339 GC heap after
Heap after GC invocations=21 (full 3):
 PSYoungGen      total 95744K, used 25577K [0x00000000f5580000, 0x0000000100000000, 0x0000000100000000)
  eden space 70144K, 0% used [0x00000000f5580000,0x00000000f5580000,0x00000000f9a00000)
  from space 25600K, 99% used [0x00000000fe700000,0x00000000ffffa5c0,0x0000000100000000)
  to   space 52224K, 0% used [0x00000000f9a00000,0x00000000f9a00000,0x00000000fcd00000)
 ParOldGen       total 175104K, used 93910K [0x00000000e0000000, 0x00000000eab00000, 0x00000000f5580000)
  object space 175104K, 53% used [0x00000000e0000000,0x00000000e5bb5bc8,0x00000000eab00000)
 Metaspace       used 84137K, capacity 88362K, committed 88536K, reserved 1126400K
  class space    used 11639K, capacity 12496K, committed 12544K, reserved 1048576K
}
Event: 141.061 GC heap before
{Heap before GC invocations=22 (full 3):
 PSYoungGen      total 95744K, used 95715K [0x00000000f5580000, 0x0000000100000000, 0x0000000100000000)
  eden space 70144K, 99% used [0x00000000f5580000,0x00000000f99fe888,0x00000000f9a00000)
  from space 25600K, 99% used [0x00000000fe700000,0x00000000ffffa5c0,0x0000000100000000)
  to   space 52224K, 0% used [0x00000000f9a00000,0x00000000f9a00000,0x00000000fcd00000)
 ParOldGen       total 175104K, used 93910K [0x00000000e0000000, 0x00000000eab00000, 0x00000000f5580000)
  object space 175104K, 53% used [0x00000000e0000000,0x00000000e5bb5bc8,0x00000000eab00000)
 Metaspace       used 84817K, capacity 89064K, committed 89304K, reserved 1126400K
  class space    used 11682K, capacity 12533K, committed 12544K, reserved 1048576K
Event: 141.105 GC heap after
Heap after GC invocations=22 (full 3):
 PSYoungGen      total 122368K, used 21339K [0x00000000f5580000, 0x0000000100000000, 0x0000000100000000)
  eden space 70144K, 0% used [0x00000000f5580000,0x00000000f5580000,0x00000000f9a00000)
  from space 52224K, 40% used [0x00000000f9a00000,0x00000000faed6ff8,0x00000000fcd00000)
  to   space 49152K, 0% used [0x00000000fd000000,0x00000000fd000000,0x0000000100000000)
 ParOldGen       total 175104K, used 101409K [0x00000000e0000000, 0x00000000eab00000, 0x00000000f5580000)
  object space 175104K, 57% used [0x00000000e0000000,0x00000000e6308510,0x00000000eab00000)
 Metaspace       used 84817K, capacity 89064K, committed 89304K, reserved 1126400K
  class space    used 11682K, capacity 12533K, committed 12544K, reserved 1048576K
}
Event: 142.256 GC heap before
{Heap before GC invocations=23 (full 3):
 PSYoungGen      total 122368K, used 91483K [0x00000000f5580000, 0x0000000100000000, 0x0000000100000000)
  eden space 70144K, 100% used [0x00000000f5580000,0x00000000f9a00000,0x00000000f9a00000)
  from space 52224K, 40% used [0x00000000f9a00000,0x00000000faed6ff8,0x00000000fcd00000)
  to   space 49152K, 0% used [0x00000000fd000000,0x00000000fd000000,0x0000000100000000)
 ParOldGen       total 175104K, used 101409K [0x00000000e0000000, 0x00000000eab00000, 0x00000000f5580000)
  object space 175104K, 57% used [0x00000000e0000000,0x00000000e6308510,0x00000000eab00000)
 Metaspace       used 85343K, capacity 89756K, committed 89944K, reserved 1126400K
  class space    used 11735K, capacity 12617K, committed 12672K, reserved 1048576K

