# JRE version: OpenJDK Runtime Environment (8.0_275-b01) (build 1.8.0_275-b01)
# Java VM: OpenJDK 64-Bit Server VM (25.275-b01 mixed mode windows-amd64 compressed oops)
Heap:
 PSYoungGen      total 134144K, used 49001K [0x00000000f5580000, 0x0000000100000000, 0x0000000100000000)
  eden space 97792K, 45% used [0x00000000f5580000,0x00000000f8148500,0x00000000fb500000)
  from space 36352K, 11% used [0x00000000fdc80000,0x00000000fe092000,0x0000000100000000)
  to   space 38400K, 0% used [0x00000000fb500000,0x00000000fb500000,0x00000000fda80000)
 ParOldGen       total 175104K, used 135921K [0x00000000e0000000, 0x00000000eab00000, 0x00000000f5580000)
  object space 175104K, 77% used [0x00000000e0000000,0x00000000e84bc4c0,0x00000000eab00000)
 Metaspace       used 83935K, capacity 90488K, committed 90776K, reserved 1128448K
  class space    used 11297K, capacity 12569K, committed 12696K, reserved 1048576K
GC Heap History (10 events):
Event: 982.879 GC heap before
{Heap before GC invocations=21 (full 3):
 PSYoungGen      total 144896K, used 144864K [0x00000000f5580000, 0x0000000100000000, 0x0000000100000000)
  eden space 117760K, 100% used [0x00000000f5580000,0x00000000fc880000,0x00000000fc880000)
  from space 27136K, 99% used [0x00000000fcb00000,0x00000000fe5781b8,0x00000000fe580000)
  to   space 27136K, 0% used [0x00000000fe580000,0x00000000fe580000,0x0000000100000000)
 ParOldGen       total 175104K, used 78289K [0x00000000e0000000, 0x00000000eab00000, 0x00000000f5580000)
  object space 175104K, 44% used [0x00000000e0000000,0x00000000e4c74798,0x00000000eab00000)
 Metaspace       used 78561K, capacity 84300K, committed 84632K, reserved 1122304K
  class space    used 10695K, capacity 11841K, committed 11928K, reserved 1048576K
Event: 983.016 GC heap after
Heap after GC invocations=21 (full 3):
 PSYoungGen      total 137216K, used 20544K [0x00000000f5580000, 0x0000000100000000, 0x0000000100000000)
  eden space 110080K, 0% used [0x00000000f5580000,0x00000000f5580000,0x00000000fc100000)
  from space 27136K, 75% used [0x00000000fe580000,0x00000000ff990148,0x0000000100000000)
  to   space 32256K, 0% used [0x00000000fc100000,0x00000000fc100000,0x00000000fe080000)
 ParOldGen       total 175104K, used 89535K [0x00000000e0000000, 0x00000000eab00000, 0x00000000f5580000)
  object space 175104K, 51% used [0x00000000e0000000,0x00000000e576fee8,0x00000000eab00000)
 Metaspace       used 78561K, capacity 84300K, committed 84632K, reserved 1122304K
  class space    used 10695K, capacity 11841K, committed 11928K, reserved 1048576K
}
Event: 1239.644 GC heap before
{Heap before GC invocations=22 (full 3):
 PSYoungGen      total 137216K, used 130624K [0x00000000f5580000, 0x0000000100000000, 0x0000000100000000)
  eden space 110080K, 100% used [0x00000000f5580000,0x00000000fc100000,0x00000000fc100000)
  from space 27136K, 75% used [0x00000000fe580000,0x00000000ff990148,0x0000000100000000)
  to   space 32256K, 0% used [0x00000000fc100000,0x00000000fc100000,0x00000000fe080000)
 ParOldGen       total 175104K, used 89535K [0x00000000e0000000, 0x00000000eab00000, 0x00000000f5580000)
  object space 175104K, 51% used [0x00000000e0000000,0x00000000e576fee8,0x00000000eab00000)
 Metaspace       used 78749K, capacity 84548K, committed 84632K, reserved 1122304K
  class space    used 10711K, capacity 11897K, committed 11928K, reserved 1048576K
Event: 1239.746 GC heap after
Heap after GC invocations=22 (full 3):
 PSYoungGen      total 109568K, used 1632K [0x00000000f5580000, 0x00000000fff80000, 0x0000000100000000)
  eden space 107520K, 0% used [0x00000000f5580000,0x00000000f5580000,0x00000000fbe80000)
  from space 2048K, 79% used [0x00000000fc100000,0x00000000fc298000,0x00000000fc300000)
  to   space 33280K, 0% used [0x00000000fdf00000,0x00000000fdf00000,0x00000000fff80000)
 ParOldGen       total 175104K, used 108259K [0x00000000e0000000, 0x00000000eab00000, 0x00000000f5580000)
  object space 175104K, 61% used [0x00000000e0000000,0x00000000e69b8c98,0x00000000eab00000)
 Metaspace       used 78749K, capacity 84548K, committed 84632K, reserved 1122304K
  class space    used 10711K, capacity 11897K, committed 11928K, reserved 1048576K
}
Event: 2055.923 GC heap before
{Heap before GC invocations=23 (full 3):
 PSYoungGen      total 109568K, used 109152K [0x00000000f5580000, 0x00000000fff80000, 0x0000000100000000)
  eden space 107520K, 100% used [0x00000000f5580000,0x00000000fbe80000,0x00000000fbe80000)
  from space 2048K, 79% used [0x00000000fc100000,0x00000000fc298000,0x00000000fc300000)
  to   space 33280K, 0% used [0x00000000fdf00000,0x00000000fdf00000,0x00000000fff80000)
 ParOldGen       total 175104K, used 108259K [0x00000000e0000000, 0x00000000eab00000, 0x00000000f5580000)
  object space 175104K, 61% used [0x00000000e0000000,0x00000000e69b8c98,0x00000000eab00000)
 Metaspace       used 79964K, capacity 86220K, committed 86424K, reserved 1124352K
  class space    used 10861K, capacity 12057K, committed 12184K, reserved 1048576K
Event: 2055.989 GC heap after
Heap after GC invocations=23 (full 3):
 PSYoungGen      total 135680K, used 19054K [0x00000000f5580000, 0x00000000ffc80000, 0x0000000100000000)
  eden space 105472K, 0% used [0x00000000f5580000,0x00000000f5580000,0x00000000fbc80000)
  from space 30208K, 63% used [0x00000000fdf00000,0x00000000ff19bb98,0x00000000ffc80000)
  to   space 32768K, 0% used [0x00000000fbc80000,0x00000000fbc80000,0x00000000fdc80000)
 ParOldGen       total 175104K, used 109703K [0x00000000e0000000, 0x00000000eab00000, 0x00000000f5580000)
  object space 175104K, 62% used [0x00000000e0000000,0x00000000e6b21cc8,0x00000000eab00000)
 Metaspace       used 79964K, capacity 86220K, committed 86424K, reserved 1124352K
  class space    used 10861K, capacity 12057K, committed 12184K, reserved 1048576K
}
Event: 2063.127 GC heap before
{Heap before GC invocations=24 (full 3):
 PSYoungGen      total 135680K, used 124526K [0x00000000f5580000, 0x00000000ffc80000, 0x0000000100000000)
  eden space 105472K, 100% used [0x00000000f5580000,0x00000000fbc80000,0x00000000fbc80000)
  from space 30208K, 63% used [0x00000000fdf00000,0x00000000ff19bb98,0x00000000ffc80000)
  to   space 32768K, 0% used [0x00000000fbc80000,0x00000000fbc80000,0x00000000fdc80000)
 ParOldGen       total 175104K, used 109703K [0x00000000e0000000, 0x00000000eab00000, 0x00000000f5580000)
  object space 175104K, 62% used [0x00000000e0000000,0x00000000e6b21cc8,0x00000000eab00000)
 Metaspace       used 81558K, capacity 87944K, committed 88088K, reserved 1124352K
  class space    used 11027K, capacity 12233K, committed 12312K, reserved 1048576K
Event: 2063.260 GC heap after
Heap after GC invocations=24 (full 3):
 PSYoungGen      total 138240K, used 32744K [0x00000000f5580000, 0x0000000100000000, 0x0000000100000000)
  eden space 105472K, 0% used [0x00000000f5580000,0x00000000f5580000,0x00000000fbc80000)
  from space 32768K, 99% used [0x00000000fbc80000,0x00000000fdc7a3c0,0x00000000fdc80000)
  to   space 36352K, 0% used [0x00000000fdc80000,0x00000000fdc80000,0x0000000100000000)
 ParOldGen       total 175104K, used 110879K [0x00000000e0000000, 0x00000000eab00000, 0x00000000f5580000)
  object space 175104K, 63% used [0x00000000e0000000,0x00000000e6c47d18,0x00000000eab00000)
 Metaspace       used 81558K, capacity 87944K, committed 88088K, reserved 1124352K
  class space    used 11027K, capacity 12233K, committed 12312K, reserved 1048576K
}
Event: 2072.024 GC heap before
{Heap before GC invocations=25 (full 3):
 PSYoungGen      total 138240K, used 138203K [0x00000000f5580000, 0x0000000100000000, 0x0000000100000000)
  eden space 105472K, 99% used [0x00000000f5580000,0x00000000fbc7c948,0x00000000fbc80000)
  from space 32768K, 99% used [0x00000000fbc80000,0x00000000fdc7a3c0,0x00000000fdc80000)
  to   space 36352K, 0% used [0x00000000fdc80000,0x00000000fdc80000,0x0000000100000000)
 ParOldGen       total 175104K, used 110879K [0x00000000e0000000, 0x00000000eab00000, 0x00000000f5580000)
  object space 175104K, 63% used [0x00000000e0000000,0x00000000e6c47d18,0x00000000eab00000)
 Metaspace       used 83247K, capacity 89718K, committed 89880K, reserved 1126400K
  class space    used 11222K, capacity 12466K, committed 12568K, reserved 1048576K
Event: 2072.273 GC heap after
Heap after GC invocations=25 (full 3):
 PSYoungGen      total 134144K, used 4168K [0x00000000f5580000, 0x0000000100000000, 0x0000000100000000)
  eden space 97792K, 0% used [0x00000000f5580000,0x00000000f5580000,0x00000000fb500000)
  from space 36352K, 11% used [0x00000000fdc80000,0x00000000fe092000,0x0000000100000000)
  to   space 38400K, 0% used [0x00000000fb500000,0x00000000fb500000,0x00000000fda80000)
 ParOldGen       total 175104K, used 135921K [0x00000000e0000000, 0x00000000eab00000, 0x00000000f5580000)
  object space 175104K, 77% used [0x00000000e0000000,0x00000000e84bc4c0,0x00000000eab00000)
 Metaspace       used 83247K, capacity 89718K, committed 89880K, reserved 1126400K
  class space    used 11222K, capacity 12466K, committed 12568K, reserved 1048576K
}

